<?xml version="1.0" encoding="UTF-8"?>
<!-- Generated by org.testng.reporters.JUnitReportReporter -->
<testsuite hostname="syam-PC" failures="0" tests="2" name="testScripts.GetRequestSample" time="9.869" errors="0" timestamp="2022-02-04T17:26:34 IST" skipped="0">
  <testcase classname="testScripts.GetRequestSample" name="testResposeStatus" time="0.880"/>
  <system-out/>
  <testcase classname="testScripts.GetRequestSample" name="testResposeBDD" time="8.989"/>
  <system-out/>
</testsuite> <!-- testScripts.GetRequestSample -->
