<?xml version="1.0" encoding="UTF-8"?>
<!-- Generated by org.testng.reporters.JUnitReportReporter -->
<testsuite hostname="syam-PC" failures="0" tests="2" name="testScripts.postRequestTest" time="7.124" errors="0" timestamp="2022-02-07T14:51:48 IST" skipped="0">
  <testcase classname="testScripts.postRequestTest" name="postWithAuth" time="0.555"/>
  <system-out/>
  <testcase classname="testScripts.postRequestTest" name="post" time="6.569"/>
  <system-out/>
</testsuite> <!-- testScripts.postRequestTest -->
