<?xml version="1.0" encoding="UTF-8"?>
<!-- Generated by org.testng.reporters.JUnitReportReporter -->
<testsuite hostname="syam-PC" failures="0" tests="7" name="testScripts.basicAuthTest" time="10.781" errors="0" timestamp="2022-02-07T16:39:50 IST" skipped="5">
  <testcase classname="testScripts.basicAuthTest" name="deleteUser" time="9.733"/>
  <system-out/>
  <testcase classname="testScripts.basicAuthTest" name="updateUser" time="1.048"/>
  <system-out/>
  <testcase classname="testScripts.basicAuthTest" name="challengedTest">
    <skipped/>
  </testcase> <!-- challengedTest -->
  <system-out/>
  <testcase classname="testScripts.basicAuthTest" name="preemtiveTest">
    <skipped/>
  </testcase> <!-- preemtiveTest -->
  <system-out/>
  <testcase classname="testScripts.basicAuthTest" name="validateCountry">
    <skipped/>
  </testcase> <!-- validateCountry -->
  <system-out/>
  <testcase classname="testScripts.basicAuthTest" name="getWeatherwithAPIKey">
    <skipped/>
  </testcase> <!-- getWeatherwithAPIKey -->
  <system-out/>
  <testcase classname="testScripts.basicAuthTest" name="getWeather">
    <skipped/>
  </testcase> <!-- getWeather -->
  <system-out/>
</testsuite> <!-- testScripts.basicAuthTest -->
