<?xml version="1.0" encoding="UTF-8"?>
<!-- Generated by org.testng.reporters.JUnitReportReporter -->
<testsuite hostname="syam-PC" failures="0" tests="3" name="testScripts.toolsQATest" time="7.737" errors="0" timestamp="2022-02-07T19:18:29 IST" skipped="1">
  <testcase classname="testScripts.toolsQATest" name="getAuthToken" time="1.020"/>
  <system-out/>
  <testcase classname="testScripts.toolsQATest" name="authorizeUser" time="6.717"/>
  <system-out/>
  <testcase classname="testScripts.toolsQATest" name="getBooks">
    <skipped/>
  </testcase> <!-- getBooks -->
  <system-out/>
</testsuite> <!-- testScripts.toolsQATest -->
